
SQL*Loader: Release 11.2.0.1.0 - Production on Mar Ene 30 12:25:02 2024

Copyright (c) 1982, 2009, Oracle and/or its affiliates.  All rights reserved.

Archivo de Control:   articulo.ctl
Archivo de Datos:      articulo.ctl
  Archivo de Errores:     articulo.bad
  Desechar Archivo:  ninguno especificado
 
 (Permitir todos los registros desechados)

Número a cargar: ALL
Número a ignorar: 0
Errores permitidos: 50
Matriz de enlace:     64 filas, máximo de 256000 bytes
Continuación:    ninguno especificado
Ruta de acceso utilizada:      Convencional

Tabla ARTICULO, cargada de cada registro lógico.
Opción INSERT activa para esta tabla: INSERT
Opción TRAILING NULLCOLS activada

   Nombre Columna               Posición   Long  Term Entorno Tipo de Dato
------------------------------ ---------- ----- ---- ---- ---------------------
CODART                              FIRST     *   ;       CHARACTER            
DESCRIP                              NEXT     *   ;       CHARACTER            
PRECIO                               NEXT     *   ;       CHARACTER            
STOCK                                NEXT     *   ;       CHARACTER            
STOCK_MIN                            NEXT     *   ;       CHARACTER            


Tabla ARTICULO:
  812 Filas se ha cargado correctamente.
  0 Filas no cargada debido a errores de datos.
  0 Filas no cargada porque todas las cláusulas WHEN han fallado.
  0 Filas no cargada porque todos los campos eran nulos.


Espacio asignado a matriz de enlace:            82560 bytes (64 filas)
Bytes de buffer de lectura: 1048576

Total de registros lógicos ignorados:          0
Total de registros lógicos leídos:         812
Total de registros lógicos rechazados:         0
Total de registros lógicos desechados:        0

La ejecución empezó en Mar Ene 30 12:25:02 2024
La ejecución terminó en Mar Ene 30 12:25:03 2024

Tiempo transcurrido:     00:00:00.43
Tiempo de CPU:         00:00:00.00
