
SQL*Loader: Release 11.2.0.1.0 - Production on Mar Ene 30 12:25:06 2024

Copyright (c) 1982, 2009, Oracle and/or its affiliates.  All rights reserved.

Archivo de Control:   factura.ctl
Archivo de Datos:      factura.ctl
  Archivo de Errores:     factura.bad
  Desechar Archivo:  ninguno especificado
 
 (Permitir todos los registros desechados)

Número a cargar: ALL
Número a ignorar: 0
Errores permitidos: 50
Matriz de enlace:     64 filas, máximo de 256000 bytes
Continuación:    ninguno especificado
Ruta de acceso utilizada:      Convencional

Tabla FACTURA, cargada de cada registro lógico.
Opción INSERT activa para esta tabla: INSERT
Opción TRAILING NULLCOLS activada

   Nombre Columna               Posición   Long  Term Entorno Tipo de Dato
------------------------------ ---------- ----- ---- ---- ---------------------
CODFAC                              FIRST     *   ;       CHARACTER            
FECHA                                NEXT     *   ;       CHARACTER            
CODCLI                               NEXT     *   ;       CHARACTER            
CODVEN                               NEXT     *   ;       CHARACTER            
IVA                                  NEXT     *   ;       CHARACTER            
DTO                                  NEXT     *   ;       CHARACTER            


Tabla FACTURA:
  1000 Filas se ha cargado correctamente.
  0 Filas no cargada debido a errores de datos.
  0 Filas no cargada porque todas las cláusulas WHEN han fallado.
  0 Filas no cargada porque todos los campos eran nulos.


Espacio asignado a matriz de enlace:            99072 bytes (64 filas)
Bytes de buffer de lectura: 1048576

Total de registros lógicos ignorados:          0
Total de registros lógicos leídos:        1000
Total de registros lógicos rechazados:         0
Total de registros lógicos desechados:        0

La ejecución empezó en Mar Ene 30 12:25:06 2024
La ejecución terminó en Mar Ene 30 12:25:06 2024

Tiempo transcurrido:     00:00:00.11
Tiempo de CPU:         00:00:00.03
